<testsuites id="" name="" tests="7" failures="0" skipped="0" errors="0" time="5.1124270000001415">
<testsuite name="app-fixture.spec.ts" timestamp="2025-11-20T13:49:04.014Z" hostname="e2e" tests="7" failures="0" skipped="0" time="2.94" errors="0">
<testcase name="Register Page Tests › Successful register" classname="app-fixture.spec.ts" time="0.509">
</testcase>
<testcase name="Register Page Tests › Username is empty" classname="app-fixture.spec.ts" time="0.527">
</testcase>
<testcase name="Register Page Tests › Email is empty" classname="app-fixture.spec.ts" time="0.486">
</testcase>
<testcase name="Register Page Tests › Email is incorrect" classname="app-fixture.spec.ts" time="0.373">
</testcase>
<testcase name="Register Page Tests › Password is empty" classname="app-fixture.spec.ts" time="0.379">
</testcase>
<testcase name="Register Page Tests › Confirm Password is empty" classname="app-fixture.spec.ts" time="0.334">
</testcase>
<testcase name="Register Page Tests › Confirm Password is different" classname="app-fixture.spec.ts" time="0.332">
</testcase>
</testsuite>
</testsuites>